2022-02-21 14:14:17,296 - =========================================================
2022-02-21 14:14:17,298 - Start new run in C:\Users\nagak\Projects\mesh\mgn-mark\meshgraphnets\output\flag_simple\Mon-Feb-21-14-14-17-2022\1
2022-02-21 14:14:17,299 - =========================================================
2022-02-21 14:14:17,301 - Program started at time Mon Feb 21 14:14:17 2022
2022-02-21 14:14:17,302 - Start training......
2022-02-21 14:14:24,676 - 
2022-02-21 14:14:24,677 - =======================Run Summary=======================
2022-02-21 14:14:24,679 - Simulation task is cloth simulation
2022-02-21 14:14:24,680 - Mode is eval
2022-02-21 14:14:24,682 - Evaluation set is valid
2022-02-21 14:14:24,682 - Train and/or evaluation configuration are 4 epochs, 15 trajectories each epoch, number of rollouts is 10
2022-02-21 14:14:24,685 - Core model is encode_process_decode
2022-02-21 14:14:24,687 - Message passing aggregator is sum
2022-02-21 14:14:24,688 - Message passing steps are 1
2022-02-21 14:14:24,690 - Attention used is False
2022-02-21 14:14:24,691 - Ripple used is False
2022-02-21 14:14:24,693 - Run output directory is C:\Users\nagak\Projects\mesh\mgn-mark\meshgraphnets\output\flag_simple\Mon-Feb-21-14-14-17-2022\1
2022-02-21 14:14:24,696 - =========================================================
2022-02-21 14:14:24,697 - 
2022-02-21 14:14:24,699 - Start evaluating......
2022-02-21 14:14:24,718 - Evaluating trajectory 1
