2022-02-21 13:58:45,378 - =========================================================
2022-02-21 13:58:45,380 - Start new run in C:\Users\nagak\Projects\mesh\mgn-mark\meshgraphnets\output\flag_simple\Mon-Feb-21-13-58-45-2022\1
2022-02-21 13:58:45,381 - =========================================================
2022-02-21 13:58:45,386 - Program started at time Mon Feb 21 13:58:45 2022
2022-02-21 13:58:45,388 - Start training......
2022-02-21 13:59:07,323 - 
2022-02-21 13:59:07,325 - =======================Run Summary=======================
2022-02-21 13:59:07,327 - Simulation task is cloth simulation
2022-02-21 13:59:07,328 - Mode is eval
2022-02-21 13:59:07,329 - Evaluation set is valid
2022-02-21 13:59:07,331 - Train and/or evaluation configuration are 4 epochs, 15 trajectories each epoch, number of rollouts is 10
2022-02-21 13:59:07,337 - Core model is encode_process_decode
2022-02-21 13:59:07,338 - Message passing aggregator is sum
2022-02-21 13:59:07,339 - Message passing steps are 1
2022-02-21 13:59:07,341 - Attention used is False
2022-02-21 13:59:07,342 - Ripple used is False
2022-02-21 13:59:07,344 - Run output directory is C:\Users\nagak\Projects\mesh\mgn-mark\meshgraphnets\output\flag_simple\Mon-Feb-21-13-58-45-2022\1
2022-02-21 13:59:07,346 - =========================================================
2022-02-21 13:59:07,348 - 
2022-02-21 13:59:14,324 - Start evaluating......
2022-02-21 14:02:11,587 - Evaluating trajectory 1
