2022-02-21 14:49:29,850 - =========================================================
2022-02-21 14:49:29,852 - Start new run in C:\Users\nagak\Projects\mesh\mgn-mark\meshgraphnets\output\flag_simple\Mon-Feb-21-14-49-29-2022\1
2022-02-21 14:49:29,854 - =========================================================
2022-02-21 14:49:29,858 - Program started at time Mon Feb 21 14:49:29 2022
2022-02-21 14:50:40,380 - Start training......
2022-02-21 14:50:46,812 - 
2022-02-21 14:50:46,814 - =======================Run Summary=======================
2022-02-21 14:50:46,815 - Simulation task is cloth simulation
2022-02-21 14:50:46,817 - Mode is eval
2022-02-21 14:50:46,819 - Evaluation set is valid
2022-02-21 14:50:46,820 - Train and/or evaluation configuration are 4 epochs, 15 trajectories each epoch, number of rollouts is 10
2022-02-21 14:50:46,822 - Core model is encode_process_decode
2022-02-21 14:50:46,823 - Message passing aggregator is sum
2022-02-21 14:50:46,825 - Message passing steps are 1
2022-02-21 14:50:46,827 - Attention used is False
2022-02-21 14:50:46,828 - Ripple used is False
2022-02-21 14:50:46,829 - Run output directory is C:\Users\nagak\Projects\mesh\mgn-mark\meshgraphnets\output\flag_simple\Mon-Feb-21-14-49-29-2022\1
2022-02-21 14:50:46,830 - =========================================================
2022-02-21 14:50:46,831 - 
2022-02-21 14:50:50,829 - Start evaluating......
2022-02-21 14:51:07,288 - Evaluating trajectory 1
