2022-02-21 14:15:07,199 - =========================================================
2022-02-21 14:15:07,200 - Start new run in C:\Users\nagak\Projects\mesh\mgn-mark\meshgraphnets\output\flag_simple\Mon-Feb-21-14-15-07-2022\1
2022-02-21 14:15:07,201 - =========================================================
2022-02-21 14:15:07,203 - Program started at time Mon Feb 21 14:15:07 2022
2022-02-21 14:15:07,204 - Start training......
2022-02-21 14:16:26,720 - 
2022-02-21 14:16:26,722 - =======================Run Summary=======================
2022-02-21 14:16:26,723 - Simulation task is cloth simulation
2022-02-21 14:16:26,724 - Mode is eval
2022-02-21 14:16:26,726 - Evaluation set is valid
2022-02-21 14:16:26,728 - Train and/or evaluation configuration are 4 epochs, 15 trajectories each epoch, number of rollouts is 10
2022-02-21 14:16:26,732 - Core model is encode_process_decode
2022-02-21 14:16:26,733 - Message passing aggregator is sum
2022-02-21 14:16:26,735 - Message passing steps are 1
2022-02-21 14:16:26,738 - Attention used is False
2022-02-21 14:16:26,739 - Ripple used is False
2022-02-21 14:16:26,741 - Run output directory is C:\Users\nagak\Projects\mesh\mgn-mark\meshgraphnets\output\flag_simple\Mon-Feb-21-14-15-07-2022\1
2022-02-21 14:16:26,742 - =========================================================
2022-02-21 14:16:26,743 - 
2022-02-21 14:16:56,028 - Start evaluating......
2022-02-21 14:17:42,740 - Evaluating trajectory 1
